MCTS-NC EXPERIMENT...
HASH STRING: 1879209377_20499_692_[mcts_4_inf_vanilla;mctsnc_1_inf_1_32_ocp_thrifty;C4_6x7;2]
================================================================================================================================================================================================================
MATCH-UP:
{
  ai_a_shortname: mcts_4_inf_vanilla,
  ai_a_instance: MCTS(search_time_limit=4.0, search_steps_limit=inf, vanilla=True, ucb_c=2.0, seed: 0),
  ai_b_shortname: mctsnc_1_inf_1_32_ocp_thrifty,
  ai_b_instance: MCTSNC(search_time_limit=1.0, search_steps_limit=inf, n_trees=1, n_playouts=32, variant='ocp_thrifty', device_memory=2.0, ucb_c=2.0, seed: 0),
  game_name: C4_6x7,
  n_games: 2
}
================================================================================================================================================================================================================
CPU AND SYSTEM PROPS:
{
  cpu_name: Intel(R) Xeon(R) CPU E3-1505M v5 @ 2.80GHz,
  ram_size: 63.9 GB,
  os_name: Windows 10,
  os_version: 10.0.19045,
  os_machine: AMD64
}
GPU PROPS:
{
  name: Quadro M4000M,
  max_threads_per_block: 1024,
  max_block_dim_x: 1024,
  max_block_dim_y: 1024,
  max_block_dim_z: 64,
  max_grid_dim_x: 2147483647,
  max_grid_dim_y: 65535,
  max_grid_dim_z: 65535,
  max_shared_memory_per_block: 49152,
  async_engine_count: 5,
  can_map_host_memory: 1,
  multiprocessor_count: 10,
  warp_size: 32,
  unified_addressing: 1,
  pci_bus_id: 1,
  pci_device_id: 0,
  compute_capability: (5, 2),
  cores_per_SM: 128,
  cores_total: 1280
}
================================================================================================================================================================================================================
[MCTSNC._init_device_side_arrays()... for MCTSNC(search_time_limit=1.0, search_steps_limit=inf, n_trees=1, n_playouts=32, variant='ocp_thrifty', device_memory=2.0, ucb_c=2.0, seed: 0)]
[MCTSNC._init_device_side_arrays() done; time: 0.8155868053436279 s, per_state_memory: 95 B,  calculated max_tree_size: 16777216]
================================================================================================================================================================================================================



GAME 1/2:
BLACK: MCTS(search_time_limit=4.0, search_steps_limit=inf, vanilla=True, ucb_c=2.0, seed: 0)
WHITE: MCTSNC(search_time_limit=1.0, search_steps_limit=inf, n_trees=1, n_playouts=32, variant='ocp_thrifty', device_memory=2.0, ucb_c=2.0, seed: 0)
|.|.|.|.|.|.|.|
|.|.|.|.|.|.|.|
|.|.|.|.|.|.|.|
|.|.|.|.|.|.|.|
|.|.|.|.|.|.|.|
|.|.|.|.|.|.|.|
 0 1 2 3 4 5 6 

MOVES ROUND: 1 [game: 1/2]
MCTS RUN...
[actions info:
{
  0: {'name': '0', 'n_root': 3548, 'win_flag': False, 'n': 389, 'n_wins': 204, 'q': 0.5244215938303342, 'ucb': 0.814340283671243},
  1: {'name': '1', 'n_root': 3548, 'win_flag': False, 'n': 495, 'n_wins': 276, 'q': 0.5575757575757576, 'ucb': 0.8145848065604891},
  2: {'name': '2', 'n_root': 3548, 'win_flag': False, 'n': 622, 'n_wins': 364, 'q': 0.5852090032154341, 'ucb': 0.8144835384301821},
  3: {'name': '3', 'n_root': 3548, 'win_flag': False, 'n': 761, 'n_wins': 463, 'q': 0.6084099868593955, 'ucb': 0.815690600498717},
  4: {'name': '4', 'n_root': 3548, 'win_flag': False, 'n': 358, 'n_wins': 183, 'q': 0.5111731843575419, 'ucb': 0.8133836505038585},
  5: {'name': '5', 'n_root': 3548, 'win_flag': False, 'n': 466, 'n_wins': 256, 'q': 0.5493562231759657, 'ucb': 0.8142416440841294},
  6: {'name': '6', 'n_root': 3548, 'win_flag': False, 'n': 457, 'n_wins': 250, 'q': 0.5470459518599562, 'ucb': 0.8145269369863697},
  best: {'index': 3, 'name': '3', 'n_root': 3548, 'win_flag': False, 'n': 761, 'n_wins': 463, 'q': 0.6084099868593955, 'ucb': 0.815690600498717}
}]
[performance info:
{
  steps: 3548,
  steps_per_second: 886.6991698935608,
  playouts: 3548,
  playouts_per_second: 886.6991698935608,
  times_[ms]: {'total': 4001.357078552246, 'loop': 4000.36358833313, 'reduce_over_actions': 0.9934902191162109, 'mean_loop': 1.1274981928785597, 'mean_select': 0.16328023815907647, 'mean_expand': 0.13965153237206288, 'mean_playout': 0.8180943793347347, 'mean_backup': 0.003939080802805663},
  tree: {'initial_n_root': 0, 'initial_mean_depth': 0.0, 'initial_max_depth': 0, 'initial_size': 1, 'n_root': 3548, 'mean_depth': 5.169183073640133, 'max_depth': 6, 'size': 24837}
}]
MCTS RUN DONE. [time: 4.001357078552246 s; best action: 3 (3), best win_flag: False best n: 761, best n_wins: 463, best q: 0.6084099868593955]
MOVE PLAYED: 3
|.|.|.|.|.|.|.|
|.|.|.|.|.|.|.|
|.|.|.|.|.|.|.|
|.|.|.|.|.|.|.|
|.|.|.|.|.|.|.|
|.|.|.|●|.|.|.|
 0 1 2 3 4 5 6 
MCTSNC RUN... [MCTSNC(search_time_limit=1.0, search_steps_limit=inf, n_trees=1, n_playouts=32, variant='ocp_thrifty', device_memory=2.0, ucb_c=2.0, seed: 0)]
[actions info:
{
  0: {'name': '0', 'n_root': 16032, 'win_flag': False, 'n': 1088, 'n_wins': 323, 'q': 0.296875, 'ucb': 0.48554626331934303},
  1: {'name': '1', 'n_root': 16032, 'win_flag': False, 'n': 2560, 'n_wins': 938, 'q': 0.36640625, 'ucb': 0.48940486536240835},
  2: {'name': '2', 'n_root': 16032, 'win_flag': False, 'n': 3776, 'n_wins': 1465, 'q': 0.3879766949152542, 'ucb': 0.48925215208259565},
  3: {'name': '3', 'n_root': 16032, 'win_flag': False, 'n': 3264, 'n_wins': 1246, 'q': 0.38174019607843135, 'ucb': 0.49066960074420085},
  4: {'name': '4', 'n_root': 16032, 'win_flag': False, 'n': 1984, 'n_wins': 695, 'q': 0.3503024193548387, 'ucb': 0.49001945773700395},
  5: {'name': '5', 'n_root': 16032, 'win_flag': False, 'n': 2048, 'n_wins': 719, 'q': 0.35107421875, 'ucb': 0.4885908512943475},
  6: {'name': '6', 'n_root': 16032, 'win_flag': False, 'n': 1312, 'n_wins': 418, 'q': 0.31859756097560976, 'ucb': 0.49040947958924064},
  best: {'index': 2, 'name': '2', 'n_root': 16032, 'win_flag': False, 'n': 3776, 'n_wins': 1465, 'q': 0.3879766949152542, 'ucb': 0.48925215208259565}
}]
[performance info:
{
  steps: 501,
  steps_per_second: 498.8016974028369,
  playouts: 16032,
  playouts_per_second: 15961.654316890781,
  times_[ms]: {'total': 1004.4071674346924, 'loop': 1000.070333480835, 'reduce_over_trees': 0.9844303131103516, 'reduce_over_actions': 0.9796619415283203, 'mean_loop': 1.9961483702212275, 'mean_select': 0.22903602280302676, 'mean_expand': 1.022839022729687, 'mean_playout': 0.5094038988063911, 'mean_backup': 0.2249024823278248},
  trees: {'count': 1, 'mean_depth': 4.18842645381984, 'max_depth': 5, 'mean_size': 3508.0, 'max_size': 3508}
}]
MCTSNC RUN DONE. [time: 1.0044071674346924 s; best action: 2 (2), best win_flag: False best n: 3776, best n_wins: 1465, best q: 0.3879766949152542]
MOVE PLAYED: 2
|.|.|.|.|.|.|.|
|.|.|.|.|.|.|.|
|.|.|.|.|.|.|.|
|.|.|.|.|.|.|.|
|.|.|.|.|.|.|.|
|.|.|○|●|.|.|.|
 0 1 2 3 4 5 6 

MOVES ROUND: 2 [game: 1/2]
MCTS RUN...
[actions info:
{
  0: {'name': '0', 'n_root': 3649, 'win_flag': False, 'n': 374, 'n_wins': 205, 'q': 0.5481283422459893, 'ucb': 0.8443109791448964},
  1: {'name': '1', 'n_root': 3649, 'win_flag': False, 'n': 341, 'n_wins': 182, 'q': 0.533724340175953, 'ucb': 0.8439074936469334},
  2: {'name': '2', 'n_root': 3649, 'win_flag': False, 'n': 716, 'n_wins': 452, 'q': 0.6312849162011173, 'ucb': 0.8453465743738151},
  3: {'name': '3', 'n_root': 3649, 'win_flag': False, 'n': 905, 'n_wins': 592, 'q': 0.6541436464088398, 'ucb': 0.844545471420248},
  4: {'name': '4', 'n_root': 3649, 'win_flag': False, 'n': 470, 'n_wins': 273, 'q': 0.5808510638297872, 'ucb': 0.8450593703726885},
  5: {'name': '5', 'n_root': 3649, 'win_flag': False, 'n': 375, 'n_wins': 206, 'q': 0.5493333333333333, 'ucb': 0.8451207964246361},
  6: {'name': '6', 'n_root': 3649, 'win_flag': False, 'n': 468, 'n_wins': 272, 'q': 0.5811965811965812, 'ucb': 0.8459688335391709},
  best: {'index': 3, 'name': '3', 'n_root': 3649, 'win_flag': False, 'n': 905, 'n_wins': 592, 'q': 0.6541436464088398, 'ucb': 0.844545471420248}
}]
[performance info:
{
  steps: 3649,
  steps_per_second: 912.043098209394,
  playouts: 3649,
  playouts_per_second: 912.043098209394,
  times_[ms]: {'total': 4000.9074211120605, 'loop': 4000.9074211120605, 'reduce_over_actions': 0.0, 'mean_loop': 1.0964394138427132, 'mean_select': 0.14954248367188303, 'mean_expand': 0.14485885555301833, 'mean_playout': 0.7949226292625589, 'mean_backup': 0.0054778122320407775},
  tree: {'initial_n_root': 0, 'initial_mean_depth': 0.0, 'initial_max_depth': 0, 'initial_size': 1, 'n_root': 3649, 'mean_depth': 5.210406707938249, 'max_depth': 7, 'size': 25522}
}]
MCTS RUN DONE. [time: 4.0009074211120605 s; best action: 3 (3), best win_flag: False best n: 905, best n_wins: 592, best q: 0.6541436464088398]
MOVE PLAYED: 3
|.|.|.|.|.|.|.|
|.|.|.|.|.|.|.|
|.|.|.|.|.|.|.|
|.|.|.|.|.|.|.|
|.|.|.|●|.|.|.|
|.|.|○|●|.|.|.|
 0 1 2 3 4 5 6 
MCTSNC RUN... [MCTSNC(search_time_limit=1.0, search_steps_limit=inf, n_trees=1, n_playouts=32, variant='ocp_thrifty', device_memory=2.0, ucb_c=2.0, seed: 0)]
[actions info:
{
  0: {'name': '0', 'n_root': 14752, 'win_flag': False, 'n': 992, 'n_wins': 268, 'q': 0.2701612903225806, 'ucb': 0.4669001661588219},
  1: {'name': '1', 'n_root': 14752, 'win_flag': False, 'n': 672, 'n_wins': 146, 'q': 0.21726190476190477, 'ucb': 0.4562968437526551},
  2: {'name': '2', 'n_root': 14752, 'win_flag': False, 'n': 4096, 'n_wins': 1517, 'q': 0.370361328125, 'ucb': 0.46718154421617475},
  3: {'name': '3', 'n_root': 14752, 'win_flag': False, 'n': 5792, 'n_wins': 2240, 'q': 0.3867403314917127, 'ucb': 0.46816045277884827},
  4: {'name': '4', 'n_root': 14752, 'win_flag': False, 'n': 1216, 'n_wins': 354, 'q': 0.2911184210526316, 'ucb': 0.4688150684771374},
  5: {'name': '5', 'n_root': 14752, 'win_flag': False, 'n': 1024, 'n_wins': 279, 'q': 0.2724609375, 'ucb': 0.4661013696823495},
  6: {'name': '6', 'n_root': 14752, 'win_flag': False, 'n': 960, 'n_wins': 257, 'q': 0.2677083333333333, 'ucb': 0.46769931173190565},
  best: {'index': 3, 'name': '3', 'n_root': 14752, 'win_flag': False, 'n': 5792, 'n_wins': 2240, 'q': 0.3867403314917127, 'ucb': 0.46816045277884827}
}]
[performance info:
{
  steps: 461,
  steps_per_second: 459.0191596057738,
  playouts: 14752,
  playouts_per_second: 14688.613107384761,
  times_[ms]: {'total': 1004.3153762817383, 'loop': 1001.2948513031006, 'reduce_over_trees': 0.9989738464355469, 'reduce_over_actions': 0.0, 'mean_loop': 2.1720061850392636, 'mean_select': 0.2675801192343623, 'mean_expand': 1.140742395032771, 'mean_playout': 0.4302948519361252, 'mean_backup': 0.3225694768082294},
  trees: {'count': 1, 'mean_depth': 4.295848822800496, 'max_depth': 6, 'mean_size': 3228.0, 'max_size': 3228}
}]
MCTSNC RUN DONE. [time: 1.0043153762817383 s; best action: 3 (3), best win_flag: False best n: 5792, best n_wins: 2240, best q: 0.3867403314917127]
MOVE PLAYED: 3
|.|.|.|.|.|.|.|
|.|.|.|.|.|.|.|
|.|.|.|.|.|.|.|
|.|.|.|○|.|.|.|
|.|.|.|●|.|.|.|
|.|.|○|●|.|.|.|
 0 1 2 3 4 5 6 

MOVES ROUND: 3 [game: 1/2]
MCTS RUN...
[actions info:
{
  0: {'name': '0', 'n_root': 3805, 'win_flag': False, 'n': 377, 'n_wins': 200, 'q': 0.5305039787798409, 'ucb': 0.8262576807088782},
  1: {'name': '1', 'n_root': 3805, 'win_flag': False, 'n': 361, 'n_wins': 189, 'q': 0.5235457063711911, 'ucb': 0.8257824514674483},
  2: {'name': '2', 'n_root': 3805, 'win_flag': False, 'n': 907, 'n_wins': 576, 'q': 0.6350606394707828, 'ucb': 0.8257371611558657},
  3: {'name': '3', 'n_root': 3805, 'win_flag': False, 'n': 597, 'n_wins': 353, 'q': 0.5912897822445561, 'ucb': 0.8263145861003246},
  4: {'name': '4', 'n_root': 3805, 'win_flag': False, 'n': 494, 'n_wins': 280, 'q': 0.5668016194331984, 'ucb': 0.8251688261848724},
  5: {'name': '5', 'n_root': 3805, 'win_flag': False, 'n': 606, 'n_wins': 359, 'q': 0.5924092409240924, 'ucb': 0.825682282690932},
  6: {'name': '6', 'n_root': 3805, 'win_flag': False, 'n': 463, 'n_wins': 259, 'q': 0.5593952483801296, 'ucb': 0.8262717702570479},
  best: {'index': 2, 'name': '2', 'n_root': 3805, 'win_flag': False, 'n': 907, 'n_wins': 576, 'q': 0.6350606394707828, 'ucb': 0.8257371611558657}
}]
[performance info:
{
  steps: 3805,
  steps_per_second: 950.9316854271079,
  playouts: 3805,
  playouts_per_second: 950.9316854271079,
  times_[ms]: {'total': 4001.3389587402344, 'loop': 4000.3323554992676, 'reduce_over_actions': 0.0, 'mean_loop': 1.051335704467613, 'mean_select': 0.15135638503928064, 'mean_expand': 0.15069489096843303, 'mean_playout': 0.7419571143412246, 'mean_backup': 0.004708657283507258},
  tree: {'initial_n_root': 0, 'initial_mean_depth': 0.0, 'initial_max_depth': 0, 'initial_size': 1, 'n_root': 3805, 'mean_depth': 5.22461642599278, 'max_depth': 6, 'size': 26592}
}]
MCTS RUN DONE. [time: 4.001338958740234 s; best action: 2 (2), best win_flag: False best n: 907, best n_wins: 576, best q: 0.6350606394707828]
MOVE PLAYED: 2
|.|.|.|.|.|.|.|
|.|.|.|.|.|.|.|
|.|.|.|.|.|.|.|
|.|.|.|○|.|.|.|
|.|.|●|●|.|.|.|
|.|.|○|●|.|.|.|
 0 1 2 3 4 5 6 
MCTSNC RUN... [MCTSNC(search_time_limit=1.0, search_steps_limit=inf, n_trees=1, n_playouts=32, variant='ocp_thrifty', device_memory=2.0, ucb_c=2.0, seed: 0)]
[actions info:
{
  0: {'name': '0', 'n_root': 15936, 'win_flag': False, 'n': 992, 'n_wins': 295, 'q': 0.2973790322580645, 'ucb': 0.4949074701843905},
  1: {'name': '1', 'n_root': 15936, 'win_flag': False, 'n': 512, 'n_wins': 112, 'q': 0.21875, 'ucb': 0.49369794933292005},
  2: {'name': '2', 'n_root': 15936, 'win_flag': False, 'n': 3680, 'n_wins': 1461, 'q': 0.3970108695652174, 'ucb': 0.49956698347272227},
  3: {'name': '3', 'n_root': 15936, 'win_flag': False, 'n': 5120, 'n_wins': 2114, 'q': 0.412890625, 'ucb': 0.49983680078846005},
  4: {'name': '4', 'n_root': 15936, 'win_flag': False, 'n': 1216, 'n_wins': 391, 'q': 0.3215460526315789, 'ucb': 0.49995584094267964},
  5: {'name': '5', 'n_root': 15936, 'win_flag': False, 'n': 2240, 'n_wins': 823, 'q': 0.3674107142857143, 'ucb': 0.498860976333926},
  6: {'name': '6', 'n_root': 15936, 'win_flag': False, 'n': 2176, 'n_wins': 797, 'q': 0.3662683823529412, 'ucb': 0.49963772784077676},
  best: {'index': 3, 'name': '3', 'n_root': 15936, 'win_flag': False, 'n': 5120, 'n_wins': 2114, 'q': 0.412890625, 'ucb': 0.49983680078846005}
}]
[performance info:
{
  steps: 498,
  steps_per_second: 496.8288529231902,
  playouts: 15936,
  playouts_per_second: 15898.523293542086,
  times_[ms]: {'total': 1002.3572444915771, 'loop': 1000.3554821014404, 'reduce_over_trees': 1.0018348693847656, 'reduce_over_actions': 0.0, 'mean_loop': 2.00874594799486, 'mean_select': 0.20468187140652452, 'mean_expand': 1.0647022101773795, 'mean_playout': 0.44671119935062514, 'mean_backup': 0.2826476192857367},
  trees: {'count': 1, 'mean_depth': 4.26595744680851, 'max_depth': 6, 'mean_size': 3478.0, 'max_size': 3478}
}]
MCTSNC RUN DONE. [time: 1.0023572444915771 s; best action: 3 (3), best win_flag: False best n: 5120, best n_wins: 2114, best q: 0.412890625]
MOVE PLAYED: 3
|.|.|.|.|.|.|.|
|.|.|.|.|.|.|.|
|.|.|.|○|.|.|.|
|.|.|.|○|.|.|.|
|.|.|●|●|.|.|.|
|.|.|○|●|.|.|.|
 0 1 2 3 4 5 6 

MOVES ROUND: 4 [game: 1/2]
MCTS RUN...
[actions info:
{
  0: {'name': '0', 'n_root': 4729, 'win_flag': False, 'n': 689, 'n_wins': 387, 'q': 0.5616835994194485, 'ucb': 0.783321113111143},
  1: {'name': '1', 'n_root': 4729, 'win_flag': False, 'n': 378, 'n_wins': 183, 'q': 0.48412698412698413, 'ucb': 0.7833582574735587},
  2: {'name': '2', 'n_root': 4729, 'win_flag': False, 'n': 623, 'n_wins': 343, 'q': 0.550561797752809, 'ucb': 0.783643862849943},
  3: {'name': '3', 'n_root': 4729, 'win_flag': False, 'n': 1138, 'n_wins': 696, 'q': 0.6115992970123023, 'ucb': 0.7840566633608788},
  4: {'name': '4', 'n_root': 4729, 'win_flag': False, 'n': 508, 'n_wins': 267, 'q': 0.5255905511811023, 'ucb': 0.783710175567275},
  5: {'name': '5', 'n_root': 4729, 'win_flag': False, 'n': 823, 'n_wins': 481, 'q': 0.5844471445929527, 'ucb': 0.7872401460065307},
  6: {'name': '6', 'n_root': 4729, 'win_flag': False, 'n': 570, 'n_wins': 308, 'q': 0.5403508771929825, 'ucb': 0.7840283897455704},
  best: {'index': 3, 'name': '3', 'n_root': 4729, 'win_flag': False, 'n': 1138, 'n_wins': 696, 'q': 0.6115992970123023, 'ucb': 0.7840566633608788}
}]
[performance info:
{
  steps: 4729,
  steps_per_second: 1182.1297240591664,
  playouts: 4729,
  playouts_per_second: 1182.1297240591664,
  times_[ms]: {'total': 4000.4069805145264, 'loop': 4000.4069805145264, 'reduce_over_actions': 0.0, 'mean_loop': 0.8459308480682018, 'mean_select': 0.16206847005526695, 'mean_expand': 0.13914746546447845, 'mean_playout': 0.5386055688017088, 'mean_backup': 0.0031540927737730706},
  tree: {'initial_n_root': 0, 'initial_mean_depth': 0.0, 'initial_max_depth': 0, 'initial_size': 1, 'n_root': 4729, 'mean_depth': 5.354490941566726, 'max_depth': 7, 'size': 31352}
}]
MCTS RUN DONE. [time: 4.000406980514526 s; best action: 3 (3), best win_flag: False best n: 1138, best n_wins: 696, best q: 0.6115992970123023]
MOVE PLAYED: 3
|.|.|.|.|.|.|.|
|.|.|.|●|.|.|.|
|.|.|.|○|.|.|.|
|.|.|.|○|.|.|.|
|.|.|●|●|.|.|.|
|.|.|○|●|.|.|.|
 0 1 2 3 4 5 6 
MCTSNC RUN... [MCTSNC(search_time_limit=1.0, search_steps_limit=inf, n_trees=1, n_playouts=32, variant='ocp_thrifty', device_memory=2.0, ucb_c=2.0, seed: 0)]
[actions info:
{
  0: {'name': '0', 'n_root': 16544, 'win_flag': False, 'n': 1152, 'n_wins': 379, 'q': 0.3289930555555556, 'ucb': 0.5126459851056174},
  1: {'name': '1', 'n_root': 16544, 'win_flag': False, 'n': 672, 'n_wins': 180, 'q': 0.26785714285714285, 'ucb': 0.5083152717895859},
  2: {'name': '2', 'n_root': 16544, 'win_flag': False, 'n': 6624, 'n_wins': 2901, 'q': 0.4379528985507246, 'ucb': 0.5145414645407174},
  3: {'name': '3', 'n_root': 16544, 'win_flag': False, 'n': 960, 'n_wins': 295, 'q': 0.3072916666666667, 'ucb': 0.5084733711996187},
  4: {'name': '4', 'n_root': 16544, 'win_flag': False, 'n': 1056, 'n_wins': 339, 'q': 0.3210227272727273, 'ucb': 0.5128419561855574},
  5: {'name': '5', 'n_root': 16544, 'win_flag': False, 'n': 3328, 'n_wins': 1346, 'q': 0.40444711538461536, 'ucb': 0.5124990236351054},
  6: {'name': '6', 'n_root': 16544, 'win_flag': False, 'n': 2752, 'n_wins': 1081, 'q': 0.39280523255813954, 'ucb': 0.5116280607600527},
  best: {'index': 2, 'name': '2', 'n_root': 16544, 'win_flag': False, 'n': 6624, 'n_wins': 2901, 'q': 0.4379528985507246, 'ucb': 0.5145414645407174}
}]
[performance info:
{
  steps: 517,
  steps_per_second: 515.7695717014207,
  playouts: 16544,
  playouts_per_second: 16504.62629444546,
  times_[ms]: {'total': 1002.3856163024902, 'loop': 1000.4260540008545, 'reduce_over_trees': 0.9932518005371094, 'reduce_over_actions': 0.0, 'mean_loop': 1.935060065765676, 'mean_select': 0.2155386963480907, 'mean_expand': 0.9794700998863353, 'mean_playout': 0.4417462782426314, 'mean_backup': 0.2769487738839893},
  trees: {'count': 1, 'mean_depth': 4.342685370741483, 'max_depth': 6, 'mean_size': 3493.0, 'max_size': 3493}
}]
MCTSNC RUN DONE. [time: 1.0023856163024902 s; best action: 2 (2), best win_flag: False best n: 6624, best n_wins: 2901, best q: 0.4379528985507246]
MOVE PLAYED: 2
|.|.|.|.|.|.|.|
|.|.|.|●|.|.|.|
|.|.|.|○|.|.|.|
|.|.|○|○|.|.|.|
|.|.|●|●|.|.|.|
|.|.|○|●|.|.|.|
 0 1 2 3 4 5 6 

MOVES ROUND: 5 [game: 1/2]
MCTS RUN...
[actions info:
{
  0: {'name': '0', 'n_root': 4530, 'win_flag': False, 'n': 1406, 'n_wins': 869, 'q': 0.6180654338549075, 'ucb': 0.7728237892318225},
  1: {'name': '1', 'n_root': 4530, 'win_flag': False, 'n': 260, 'n_wins': 107, 'q': 0.4115384615384615, 'ucb': 0.7714204340383585},
  2: {'name': '2', 'n_root': 4530, 'win_flag': False, 'n': 779, 'n_wins': 440, 'q': 0.5648267008985879, 'ucb': 0.772737973799102},
  3: {'name': '3', 'n_root': 4530, 'win_flag': False, 'n': 308, 'n_wins': 138, 'q': 0.44805194805194803, 'ucb': 0.7787041414020524},
  4: {'name': '4', 'n_root': 4530, 'win_flag': False, 'n': 413, 'n_wins': 201, 'q': 0.48668280871670705, 'ucb': 0.7722259548689969},
  5: {'name': '5', 'n_root': 4530, 'win_flag': False, 'n': 633, 'n_wins': 343, 'q': 0.5418641390205371, 'ucb': 0.7725095994024832},
  6: {'name': '6', 'n_root': 4530, 'win_flag': False, 'n': 731, 'n_wins': 408, 'q': 0.5581395348837209, 'ucb': 0.7727683745469779},
  best: {'index': 0, 'name': '0', 'n_root': 4530, 'win_flag': False, 'n': 1406, 'n_wins': 869, 'q': 0.6180654338549075, 'ucb': 0.7728237892318225}
}]
[performance info:
{
  steps: 4530,
  steps_per_second: 1132.4597700820584,
  playouts: 4530,
  playouts_per_second: 1132.4597700820584,
  times_[ms]: {'total': 4000.1420974731445, 'loop': 4000.1420974731445, 'reduce_over_actions': 0.0, 'mean_loop': 0.8830335756011357, 'mean_select': 0.15876914228561434, 'mean_expand': 0.14825704081958493, 'mean_playout': 0.5678640032972458, 'mean_backup': 0.003960116809567079},
  tree: {'initial_n_root': 0, 'initial_mean_depth': 0.0, 'initial_max_depth': 0, 'initial_size': 1, 'n_root': 4530, 'mean_depth': 5.404839255499154, 'max_depth': 7, 'size': 29550}
}]
MCTS RUN DONE. [time: 4.0001420974731445 s; best action: 0 (0), best win_flag: False best n: 1406, best n_wins: 869, best q: 0.6180654338549075]
MOVE PLAYED: 0
|.|.|.|.|.|.|.|
|.|.|.|●|.|.|.|
|.|.|.|○|.|.|.|
|.|.|○|○|.|.|.|
|.|.|●|●|.|.|.|
|●|.|○|●|.|.|.|
 0 1 2 3 4 5 6 
MCTSNC RUN... [MCTSNC(search_time_limit=1.0, search_steps_limit=inf, n_trees=1, n_playouts=32, variant='ocp_thrifty', device_memory=2.0, ucb_c=2.0, seed: 0)]
[actions info:
{
  0: {'name': '0', 'n_root': 16928, 'win_flag': False, 'n': 3296, 'n_wins': 1441, 'q': 0.4371966019417476, 'ucb': 0.5458999276843283},
  1: {'name': '1', 'n_root': 16928, 'win_flag': False, 'n': 672, 'n_wins': 203, 'q': 0.3020833333333333, 'ucb': 0.5428252957499476},
  2: {'name': '2', 'n_root': 16928, 'win_flag': False, 'n': 6880, 'n_wins': 3258, 'q': 0.47354651162790695, 'ucb': 0.5487853728704872},
  3: {'name': '3', 'n_root': 16928, 'win_flag': False, 'n': 768, 'n_wins': 243, 'q': 0.31640625, 'ucb': 0.5415997354956449},
  4: {'name': '4', 'n_root': 16928, 'win_flag': False, 'n': 1472, 'n_wins': 562, 'q': 0.38179347826086957, 'ucb': 0.5444541374253755},
  5: {'name': '5', 'n_root': 16928, 'win_flag': False, 'n': 2336, 'n_wins': 973, 'q': 0.4165239726027397, 'ucb': 0.5456459040310773},
  6: {'name': '6', 'n_root': 16928, 'win_flag': False, 'n': 1504, 'n_wins': 576, 'q': 0.3829787234042553, 'ucb': 0.5438996463547512},
  best: {'index': 2, 'name': '2', 'n_root': 16928, 'win_flag': False, 'n': 6880, 'n_wins': 3258, 'q': 0.47354651162790695, 'ucb': 0.5487853728704872}
}]
[performance info:
{
  steps: 529,
  steps_per_second: 526.6877146773176,
  playouts: 16928,
  playouts_per_second: 16854.006869674162,
  times_[ms]: {'total': 1004.3902397155762, 'loop': 1001.3687610626221, 'reduce_over_trees': 0.0, 'reduce_over_actions': 1.024007797241211, 'mean_loop': 1.8929466182658263, 'mean_select': 0.22827159254221926, 'mean_expand': 0.9975338703292529, 'mean_playout': 0.4032757872669818, 'mean_backup': 0.24682136925046522},
  trees: {'count': 1, 'mean_depth': 4.3830204539086575, 'max_depth': 6, 'mean_size': 3569.0, 'max_size': 3569}
}]
MCTSNC RUN DONE. [time: 1.0043902397155762 s; best action: 2 (2), best win_flag: False best n: 6880, best n_wins: 3258, best q: 0.47354651162790695]
MOVE PLAYED: 2
|.|.|.|.|.|.|.|
|.|.|.|●|.|.|.|
|.|.|○|○|.|.|.|
|.|.|○|○|.|.|.|
|.|.|●|●|.|.|.|
|●|.|○|●|.|.|.|
 0 1 2 3 4 5 6 

MOVES ROUND: 6 [game: 1/2]
MCTS RUN...
[actions info:
{
  0: {'name': '0', 'n_root': 6059, 'win_flag': False, 'n': 1174, 'n_wins': 654, 'q': 0.5570698466780238, 'ucb': 0.7293310884906199},
  1: {'name': '1', 'n_root': 6059, 'win_flag': False, 'n': 368, 'n_wins': 155, 'q': 0.421195652173913, 'ucb': 0.7288745511576373},
  2: {'name': '2', 'n_root': 6059, 'win_flag': False, 'n': 1475, 'n_wins': 849, 'q': 0.5755932203389831, 'ucb': 0.7292761433027863},
  3: {'name': '3', 'n_root': 6059, 'win_flag': False, 'n': 386, 'n_wins': 165, 'q': 0.4274611398963731, 'ucb': 0.7278805367047425},
  4: {'name': '4', 'n_root': 6059, 'win_flag': False, 'n': 459, 'n_wins': 208, 'q': 0.4531590413943355, 'ucb': 0.7286550298265124},
  5: {'name': '5', 'n_root': 6059, 'win_flag': False, 'n': 1491, 'n_wins': 859, 'q': 0.5761234071093226, 'ucb': 0.7289795161496408},
  6: {'name': '6', 'n_root': 6059, 'win_flag': False, 'n': 706, 'n_wins': 358, 'q': 0.5070821529745042, 'ucb': 0.7292183188682835},
  best: {'index': 5, 'name': '5', 'n_root': 6059, 'win_flag': False, 'n': 1491, 'n_wins': 859, 'q': 0.5761234071093226, 'ucb': 0.7289795161496408}
}]
[performance info:
{
  steps: 6059,
  steps_per_second: 1514.4176393897394,
  playouts: 6059,
  playouts_per_second: 1514.4176393897394,
  times_[ms]: {'total': 4000.877857208252, 'loop': 4000.877857208252, 'reduce_over_actions': 0.0, 'mean_loop': 0.6603198311946281, 'mean_select': 0.14769489919810744, 'mean_expand': 0.13101567213124893, 'mean_playout': 0.3746911861220097, 'mean_backup': 0.0032891847843737427},
  tree: {'initial_n_root': 0, 'initial_mean_depth': 0.0, 'initial_max_depth': 0, 'initial_size': 1, 'n_root': 6059, 'mean_depth': 5.544590985434621, 'max_depth': 7, 'size': 36319}
}]
MCTS RUN DONE. [time: 4.000877857208252 s; best action: 5 (5), best win_flag: False best n: 1491, best n_wins: 859, best q: 0.5761234071093226]
MOVE PLAYED: 5
|.|.|.|.|.|.|.|
|.|.|.|●|.|.|.|
|.|.|○|○|.|.|.|
|.|.|○|○|.|.|.|
|.|.|●|●|.|.|.|
|●|.|○|●|.|●|.|
 0 1 2 3 4 5 6 
MCTSNC RUN... [MCTSNC(search_time_limit=1.0, search_steps_limit=inf, n_trees=1, n_playouts=32, variant='ocp_thrifty', device_memory=2.0, ucb_c=2.0, seed: 0)]
[actions info:
{
  0: {'name': '0', 'n_root': 17632, 'win_flag': False, 'n': 1856, 'n_wins': 767, 'q': 0.41325431034482757, 'ucb': 0.5584167543689977},
  1: {'name': '1', 'n_root': 17632, 'win_flag': False, 'n': 608, 'n_wins': 169, 'q': 0.2779605263157895, 'ucb': 0.5315851805003043},
  2: {'name': '2', 'n_root': 17632, 'win_flag': False, 'n': 3776, 'n_wins': 1647, 'q': 0.4361758474576271, 'ucb': 0.5379476026796276},
  3: {'name': '3', 'n_root': 17632, 'win_flag': False, 'n': 704, 'n_wins': 209, 'q': 0.296875, 'ucb': 0.5325735593154257},
  4: {'name': '4', 'n_root': 17632, 'win_flag': False, 'n': 1472, 'n_wins': 550, 'q': 0.3736413043478261, 'ucb': 0.5366419604544064},
  5: {'name': '5', 'n_root': 17632, 'win_flag': False, 'n': 3616, 'n_wins': 1563, 'q': 0.43224557522123896, 'ucb': 0.5362445472632179},
  6: {'name': '6', 'n_root': 17632, 'win_flag': False, 'n': 5600, 'n_wins': 2544, 'q': 0.4542857142857143, 'ucb': 0.5378554914267043},
  best: {'index': 6, 'name': '6', 'n_root': 17632, 'win_flag': False, 'n': 5600, 'n_wins': 2544, 'q': 0.4542857142857143, 'ucb': 0.5378554914267043}
}]
[performance info:
{
  steps: 551,
  steps_per_second: 548.5587374227682,
  playouts: 17632,
  playouts_per_second: 17553.879597528583,
  times_[ms]: {'total': 1004.4503211975098, 'loop': 1001.457929611206, 'reduce_over_trees': 0.0, 'reduce_over_actions': 0.0, 'mean_loop': 1.817528002924149, 'mean_select': 0.21316871019976108, 'mean_expand': 0.9685847806844001, 'mean_playout': 0.4307211202631845, 'mean_backup': 0.19046399208248851},
  trees: {'count': 1, 'mean_depth': 4.436212814645309, 'max_depth': 6, 'mean_size': 3496.0, 'max_size': 3496}
}]
MCTSNC RUN DONE. [time: 1.0044503211975098 s; best action: 6 (6), best win_flag: False best n: 5600, best n_wins: 2544, best q: 0.4542857142857143]
MOVE PLAYED: 6
|.|.|.|.|.|.|.|
|.|.|.|●|.|.|.|
|.|.|○|○|.|.|.|
|.|.|○|○|.|.|.|
|.|.|●|●|.|.|.|
|●|.|○|●|.|●|○|
 0 1 2 3 4 5 6 

MOVES ROUND: 7 [game: 1/2]
MCTS RUN...
[actions info:
{
  0: {'name': '0', 'n_root': 5840, 'win_flag': False, 'n': 1627, 'n_wins': 1005, 'q': 0.617701290719115, 'ucb': 0.763719838478184},
  1: {'name': '1', 'n_root': 5840, 'win_flag': False, 'n': 543, 'n_wins': 277, 'q': 0.5101289134438306, 'ucb': 0.7628851536219259},
  2: {'name': '2', 'n_root': 5840, 'win_flag': False, 'n': 1179, 'n_wins': 698, 'q': 0.5920271416454622, 'ucb': 0.763559041866063},
  3: {'name': '3', 'n_root': 5840, 'win_flag': False, 'n': 393, 'n_wins': 183, 'q': 0.46564885496183206, 'ucb': 0.7627508212627478},
  4: {'name': '4', 'n_root': 5840, 'win_flag': False, 'n': 252, 'n_wins': 99, 'q': 0.39285714285714285, 'ucb': 0.7638807393305156},
  5: {'name': '5', 'n_root': 5840, 'win_flag': False, 'n': 1400, 'n_wins': 857, 'q': 0.6121428571428571, 'ucb': 0.7695548377707829},
  6: {'name': '6', 'n_root': 5840, 'win_flag': False, 'n': 446, 'n_wins': 216, 'q': 0.484304932735426, 'ucb': 0.7631958507979872},
  best: {'index': 0, 'name': '0', 'n_root': 5840, 'win_flag': False, 'n': 1627, 'n_wins': 1005, 'q': 0.617701290719115, 'ucb': 0.763719838478184}
}]
[performance info:
{
  steps: 5840,
  steps_per_second: 1459.8817456190409,
  playouts: 5840,
  playouts_per_second: 1459.8817456190409,
  times_[ms]: {'total': 4000.324010848999, 'loop': 4000.324010848999, 'reduce_over_actions': 0.0, 'mean_loop': 0.6849869881590752, 'mean_select': 0.14532731003957253, 'mean_expand': 0.12288064989325119, 'mean_playout': 0.4106293394141001, 'mean_backup': 0.0027280556012506353},
  tree: {'initial_n_root': 0, 'initial_mean_depth': 0.0, 'initial_max_depth': 0, 'initial_size': 1, 'n_root': 5840, 'mean_depth': 5.536212547495432, 'max_depth': 8, 'size': 34477}
}]
MCTS RUN DONE. [time: 4.000324010848999 s; best action: 0 (0), best win_flag: False best n: 1627, best n_wins: 1005, best q: 0.617701290719115]
MOVE PLAYED: 0
|.|.|.|.|.|.|.|
|.|.|.|●|.|.|.|
|.|.|○|○|.|.|.|
|.|.|○|○|.|.|.|
|●|.|●|●|.|.|.|
|●|.|○|●|.|●|○|
 0 1 2 3 4 5 6 
MCTSNC RUN... [MCTSNC(search_time_limit=1.0, search_steps_limit=inf, n_trees=1, n_playouts=32, variant='ocp_thrifty', device_memory=2.0, ucb_c=2.0, seed: 0)]
[actions info:
{
  0: {'name': '0', 'n_root': 17248, 'win_flag': False, 'n': 2560, 'n_wins': 980, 'q': 0.3828125, 'ucb': 0.5062746113041158},
  1: {'name': '1', 'n_root': 17248, 'win_flag': False, 'n': 448, 'n_wins': 84, 'q': 0.1875, 'ucb': 0.4826308951990129},
  2: {'name': '2', 'n_root': 17248, 'win_flag': False, 'n': 4608, 'n_wins': 1906, 'q': 0.4136284722222222, 'ucb': 0.5056516967294382},
  3: {'name': '3', 'n_root': 17248, 'win_flag': False, 'n': 800, 'n_wins': 226, 'q': 0.2825, 'ucb': 0.5033557388173185},
  4: {'name': '4', 'n_root': 17248, 'win_flag': False, 'n': 1408, 'n_wins': 475, 'q': 0.33735795454545453, 'ucb': 0.5038342314667673},
  5: {'name': '5', 'n_root': 17248, 'win_flag': False, 'n': 5248, 'n_wins': 2266, 'q': 0.43178353658536583, 'ucb': 0.518013215499836},
  6: {'name': '6', 'n_root': 17248, 'win_flag': False, 'n': 2176, 'n_wins': 802, 'q': 0.36856617647058826, 'ucb': 0.5024796381128869},
  best: {'index': 5, 'name': '5', 'n_root': 17248, 'win_flag': False, 'n': 5248, 'n_wins': 2266, 'q': 0.43178353658536583, 'ucb': 0.518013215499836}
}]
[performance info:
{
  steps: 539,
  steps_per_second: 537.196538814771,
  playouts: 17248,
  playouts_per_second: 17190.28924207267,
  times_[ms]: {'total': 1003.3571720123291, 'loop': 1000.3662109375, 'reduce_over_trees': 0.0, 'reduce_over_actions': 0.9958744049072266, 'mean_loop': 1.8559669961734695, 'mean_select': 0.20380851731450747, 'mean_expand': 1.0146400260571424, 'mean_playout': 0.41920842398960206, 'mean_backup': 0.20544869559151785},
  trees: {'count': 1, 'mean_depth': 4.438659485338121, 'max_depth': 7, 'mean_size': 3342.0, 'max_size': 3342}
}]
MCTSNC RUN DONE. [time: 1.003357172012329 s; best action: 5 (5), best win_flag: False best n: 5248, best n_wins: 2266, best q: 0.43178353658536583]
MOVE PLAYED: 5
|.|.|.|.|.|.|.|
|.|.|.|●|.|.|.|
|.|.|○|○|.|.|.|
|.|.|○|○|.|.|.|
|●|.|●|●|.|○|.|
|●|.|○|●|.|●|○|
 0 1 2 3 4 5 6 

MOVES ROUND: 8 [game: 1/2]
MCTS RUN...
[actions info:
{
  0: {'name': '0', 'n_root': 6521, 'win_flag': False, 'n': 1773, 'n_wins': 1075, 'q': 0.6063169768753525, 'ucb': 0.7470810109664913},
  1: {'name': '1', 'n_root': 6521, 'win_flag': False, 'n': 642, 'n_wins': 329, 'q': 0.5124610591900312, 'ucb': 0.7463870934753765},
  2: {'name': '2', 'n_root': 6521, 'win_flag': False, 'n': 1456, 'n_wins': 861, 'q': 0.5913461538461539, 'ucb': 0.7466797457477714},
  3: {'name': '3', 'n_root': 6521, 'win_flag': False, 'n': 661, 'n_wins': 341, 'q': 0.5158850226928896, 'ucb': 0.7464245204248017},
  4: {'name': '4', 'n_root': 6521, 'win_flag': False, 'n': 334, 'n_wins': 141, 'q': 0.4221556886227545, 'ucb': 0.7464750222253345},
  5: {'name': '5', 'n_root': 6521, 'win_flag': False, 'n': 841, 'n_wins': 456, 'q': 0.5422116527942925, 'ucb': 0.7465962081209887},
  6: {'name': '6', 'n_root': 6521, 'win_flag': False, 'n': 814, 'n_wins': 439, 'q': 0.5393120393120393, 'ucb': 0.7470586130650355},
  best: {'index': 0, 'name': '0', 'n_root': 6521, 'win_flag': False, 'n': 1773, 'n_wins': 1075, 'q': 0.6063169768753525, 'ucb': 0.7470810109664913}
}]
[performance info:
{
  steps: 6521,
  steps_per_second: 1630.1781941839754,
  playouts: 6521,
  playouts_per_second: 1630.1781941839754,
  times_[ms]: {'total': 4000.176191329956, 'loop': 4000.176191329956, 'reduce_over_actions': 0.0, 'mean_loop': 0.6134298713893507, 'mean_select': 0.16147098444736985, 'mean_expand': 0.12584387789911844, 'mean_playout': 0.31967620837909644, 'mean_backup': 0.0039954946699582656},
  tree: {'initial_n_root': 0, 'initial_mean_depth': 0.0, 'initial_max_depth': 0, 'initial_size': 1, 'n_root': 6521, 'mean_depth': 5.640068255437297, 'max_depth': 8, 'size': 34576}
}]
MCTS RUN DONE. [time: 4.000176191329956 s; best action: 0 (0), best win_flag: False best n: 1773, best n_wins: 1075, best q: 0.6063169768753525]
MOVE PLAYED: 0
|.|.|.|.|.|.|.|
|.|.|.|●|.|.|.|
|.|.|○|○|.|.|.|
|●|.|○|○|.|.|.|
|●|.|●|●|.|○|.|
|●|.|○|●|.|●|○|
 0 1 2 3 4 5 6 
MCTSNC RUN... [MCTSNC(search_time_limit=1.0, search_steps_limit=inf, n_trees=1, n_playouts=32, variant='ocp_thrifty', device_memory=2.0, ucb_c=2.0, seed: 0)]
[actions info:
{
  0: {'name': '0', 'n_root': 16288, 'win_flag': False, 'n': 14176, 'n_wins': 7827, 'q': 0.5521303611738149, 'ucb': 0.6044420030704376},
  1: {'name': '1', 'n_root': 16288, 'win_flag': False, 'n': 224, 'n_wins': 40, 'q': 0.17857142857142858, 'ucb': 0.594722669952111},
  2: {'name': '2', 'n_root': 16288, 'win_flag': False, 'n': 480, 'n_wins': 150, 'q': 0.3125, 'ucb': 0.5967854187747215},
  3: {'name': '3', 'n_root': 16288, 'win_flag': False, 'n': 384, 'n_wins': 107, 'q': 0.2786458333333333, 'ucb': 0.5964865940294695},
  4: {'name': '4', 'n_root': 16288, 'win_flag': False, 'n': 416, 'n_wins': 112, 'q': 0.2692307692307692, 'ucb': 0.5746022945164299},
  5: {'name': '5', 'n_root': 16288, 'win_flag': False, 'n': 288, 'n_wins': 64, 'q': 0.2222222222222222, 'ucb': 0.5892331197169214},
  6: {'name': '6', 'n_root': 16288, 'win_flag': False, 'n': 320, 'n_wins': 75, 'q': 0.234375, 'ucb': 0.5825521086557502},
  best: {'index': 0, 'name': '0', 'n_root': 16288, 'win_flag': False, 'n': 14176, 'n_wins': 7827, 'q': 0.5521303611738149, 'ucb': 0.6044420030704376}
}]
[performance info:
{
  steps: 509,
  steps_per_second: 506.312417112685,
  playouts: 16288,
  playouts_per_second: 16201.99734760592,
  times_[ms]: {'total': 1005.3081512451172, 'loop': 1001.3213157653809, 'reduce_over_trees': 0.0, 'reduce_over_actions': 0.9968280792236328, 'mean_loop': 1.9672324474761902, 'mean_select': 0.22919051539452934, 'mean_expand': 1.0744410554177635, 'mean_playout': 0.43045701587129903, 'mean_backup': 0.22139108953869413},
  trees: {'count': 1, 'mean_depth': 4.985539845758355, 'max_depth': 7, 'mean_size': 3112.0, 'max_size': 3112}
}]
MCTSNC RUN DONE. [time: 1.0053081512451172 s; best action: 0 (0), best win_flag: False best n: 14176, best n_wins: 7827, best q: 0.5521303611738149]
MOVE PLAYED: 0
|.|.|.|.|.|.|.|
|.|.|.|●|.|.|.|
|○|.|○|○|.|.|.|
|●|.|○|○|.|.|.|
|●|.|●|●|.|○|.|
|●|.|○|●|.|●|○|
 0 1 2 3 4 5 6 

MOVES ROUND: 9 [game: 1/2]
MCTS RUN...
[actions info:
{
  0: {'name': '0', 'n_root': 5813, 'win_flag': False, 'n': 762, 'n_wins': 338, 'q': 0.4435695538057743, 'ucb': 0.6568780997866105},
  1: {'name': '1', 'n_root': 5813, 'win_flag': False, 'n': 517, 'n_wins': 206, 'q': 0.3984526112185687, 'ucb': 0.6574172521318358},
  2: {'name': '2', 'n_root': 5813, 'win_flag': False, 'n': 1589, 'n_wins': 810, 'q': 0.5097545626179988, 'ucb': 0.6574692883415979},
  3: {'name': '3', 'n_root': 5813, 'win_flag': False, 'n': 587, 'n_wins': 243, 'q': 0.41396933560477, 'ucb': 0.6570031428548082},
  4: {'name': '4', 'n_root': 5813, 'win_flag': False, 'n': 476, 'n_wins': 184, 'q': 0.3865546218487395, 'ucb': 0.6564418075502724},
  5: {'name': '5', 'n_root': 5813, 'win_flag': False, 'n': 1164, 'n_wins': 565, 'q': 0.4853951890034364, 'ucb': 0.6579826544299309},
  6: {'name': '6', 'n_root': 5813, 'win_flag': False, 'n': 718, 'n_wins': 314, 'q': 0.4373259052924791, 'ucb': 0.6570731907317906},
  best: {'index': 2, 'name': '2', 'n_root': 5813, 'win_flag': False, 'n': 1589, 'n_wins': 810, 'q': 0.5097545626179988, 'ucb': 0.6574692883415979}
}]
[performance info:
{
  steps: 5813,
  steps_per_second: 1453.0058579734787,
  playouts: 5813,
  playouts_per_second: 1453.0058579734787,
  times_[ms]: {'total': 4000.6721019744873, 'loop': 4000.6721019744873, 'reduce_over_actions': 0.0, 'mean_loop': 0.6882284710088573, 'mean_select': 0.14849872283961796, 'mean_expand': 0.1354432446440259, 'mean_playout': 0.39465563157411526, 'mean_backup': 0.00429662024935859},
  tree: {'initial_n_root': 0, 'initial_mean_depth': 0.0, 'initial_max_depth': 0, 'initial_size': 1, 'n_root': 5813, 'mean_depth': 5.505370318483235, 'max_depth': 7, 'size': 32121}
}]
MCTS RUN DONE. [time: 4.000672101974487 s; best action: 2 (2), best win_flag: False best n: 1589, best n_wins: 810, best q: 0.5097545626179988]
MOVE PLAYED: 2
|.|.|.|.|.|.|.|
|.|.|●|●|.|.|.|
|○|.|○|○|.|.|.|
|●|.|○|○|.|.|.|
|●|.|●|●|.|○|.|
|●|.|○|●|.|●|○|
 0 1 2 3 4 5 6 
MCTSNC RUN... [MCTSNC(search_time_limit=1.0, search_steps_limit=inf, n_trees=1, n_playouts=32, variant='ocp_thrifty', device_memory=2.0, ucb_c=2.0, seed: 0)]
[actions info:
{
  0: {'name': '0', 'n_root': 15680, 'win_flag': False, 'n': 1088, 'n_wins': 505, 'q': 0.4641544117647059, 'ucb': 0.6526092481187692},
  1: {'name': '1', 'n_root': 15680, 'win_flag': False, 'n': 320, 'n_wins': 84, 'q': 0.2625, 'ucb': 0.6099935483916283},
  2: {'name': '2', 'n_root': 15680, 'win_flag': False, 'n': 1312, 'n_wins': 631, 'q': 0.4809451219512195, 'ucb': 0.6525599531468184},
  3: {'name': '3', 'n_root': 15680, 'win_flag': False, 'n': 2112, 'n_wins': 1086, 'q': 0.5142045454545454, 'ucb': 0.6494662257174573},
  4: {'name': '4', 'n_root': 15680, 'win_flag': False, 'n': 4704, 'n_wins': 2677, 'q': 0.5690901360544217, 'ucb': 0.6597234955980446},
  5: {'name': '5', 'n_root': 15680, 'win_flag': False, 'n': 4832, 'n_wins': 2720, 'q': 0.5629139072847682, 'ucb': 0.6523387679605026},
  6: {'name': '6', 'n_root': 15680, 'win_flag': False, 'n': 1312, 'n_wins': 629, 'q': 0.4794207317073171, 'ucb': 0.651035562902916},
  best: {'index': 5, 'name': '5', 'n_root': 15680, 'win_flag': False, 'n': 4832, 'n_wins': 2720, 'q': 0.5629139072847682, 'ucb': 0.6523387679605026}
}]
[performance info:
{
  steps: 490,
  steps_per_second: 488.0674210242342,
  playouts: 15680,
  playouts_per_second: 15618.157472775494,
  times_[ms]: {'total': 1003.9596557617188, 'loop': 1000.9880065917969, 'reduce_over_trees': 0.0, 'reduce_over_actions': 1.0006427764892578, 'mean_loop': 2.042832666513871, 'mean_select': 0.2386078542592574, 'mean_expand': 1.1026280266898019, 'mean_playout': 0.46856549321388713, 'mean_backup': 0.21460737500871932},
  trees: {'count': 1, 'mean_depth': 4.346359385437542, 'max_depth': 6, 'mean_size': 2994.0, 'max_size': 2994}
}]
MCTSNC RUN DONE. [time: 1.0039596557617188 s; best action: 5 (5), best win_flag: False best n: 4832, best n_wins: 2720, best q: 0.5629139072847682]
MOVE PLAYED: 5
|.|.|.|.|.|.|.|
|.|.|●|●|.|.|.|
|○|.|○|○|.|.|.|
|●|.|○|○|.|○|.|
|●|.|●|●|.|○|.|
|●|.|○|●|.|●|○|
 0 1 2 3 4 5 6 

MOVES ROUND: 10 [game: 1/2]
MCTS RUN...
[actions info:
{
  0: {'name': '0', 'n_root': 6972, 'win_flag': False, 'n': 739, 'n_wins': 308, 'q': 0.4167794316644114, 'ucb': 0.6356417552380536},
  1: {'name': '1', 'n_root': 6972, 'win_flag': False, 'n': 848, 'n_wins': 366, 'q': 0.43160377358490565, 'ucb': 0.6359164433155232},
  2: {'name': '2', 'n_root': 6972, 'win_flag': False, 'n': 680, 'n_wins': 277, 'q': 0.4073529411764706, 'ucb': 0.6355125525768068},
  3: {'name': '3', 'n_root': 6972, 'win_flag': False, 'n': 990, 'n_wins': 442, 'q': 0.44646464646464645, 'ucb': 0.6355577228634914},
  4: {'name': '4', 'n_root': 6972, 'win_flag': False, 'n': 493, 'n_wins': 181, 'q': 0.3671399594320487, 'ucb': 0.6350998336138385},
  5: {'name': '5', 'n_root': 6972, 'win_flag': False, 'n': 2485, 'n_wins': 1284, 'q': 0.5167002012072435, 'ucb': 0.6360522911717567},
  6: {'name': '6', 'n_root': 6972, 'win_flag': False, 'n': 737, 'n_wins': 307, 'q': 0.41655359565807326, 'ucb': 0.6357126818406686},
  best: {'index': 5, 'name': '5', 'n_root': 6972, 'win_flag': False, 'n': 2485, 'n_wins': 1284, 'q': 0.5167002012072435, 'ucb': 0.6360522911717567}
}]
[performance info:
{
  steps: 6972,
  steps_per_second: 1742.6287730196254,
  playouts: 6972,
  playouts_per_second: 1742.6287730196254,
  times_[ms]: {'total': 4000.852108001709, 'loop': 4000.852108001709, 'reduce_over_actions': 0.0, 'mean_loop': 0.5738456838786158, 'mean_select': 0.1622874779189652, 'mean_expand': 0.12337357848797184, 'mean_playout': 0.2833637299376251, 'mean_backup': 0.0027133621023225155},
  tree: {'initial_n_root': 0, 'initial_mean_depth': 0.0, 'initial_max_depth': 0, 'initial_size': 1, 'n_root': 6972, 'mean_depth': 5.71933038356396, 'max_depth': 8, 'size': 35483}
}]
MCTS RUN DONE. [time: 4.000852108001709 s; best action: 5 (5), best win_flag: False best n: 2485, best n_wins: 1284, best q: 0.5167002012072435]
MOVE PLAYED: 5
|.|.|.|.|.|.|.|
|.|.|●|●|.|.|.|
|○|.|○|○|.|●|.|
|●|.|○|○|.|○|.|
|●|.|●|●|.|○|.|
|●|.|○|●|.|●|○|
 0 1 2 3 4 5 6 
MCTSNC RUN... [MCTSNC(search_time_limit=1.0, search_steps_limit=inf, n_trees=1, n_playouts=32, variant='ocp_thrifty', device_memory=2.0, ucb_c=2.0, seed: 0)]
[actions info:
{
  0: {'name': '0', 'n_root': 11552, 'win_flag': False, 'n': 1312, 'n_wins': 617, 'q': 0.47027439024390244, 'ucb': 0.6391535310836466},
  1: {'name': '1', 'n_root': 11552, 'win_flag': False, 'n': 384, 'n_wins': 118, 'q': 0.3072916666666667, 'ucb': 0.6194517127757067},
  2: {'name': '2', 'n_root': 11552, 'win_flag': False, 'n': 1504, 'n_wins': 733, 'q': 0.48736702127659576, 'ucb': 0.6450987307831605},
  3: {'name': '3', 'n_root': 11552, 'win_flag': False, 'n': 2336, 'n_wins': 1207, 'q': 0.516695205479452, 'ucb': 0.6432581321987232},
  4: {'name': '4', 'n_root': 11552, 'win_flag': False, 'n': 3424, 'n_wins': 1847, 'q': 0.539427570093458, 'ucb': 0.6439660186229311},
  5: {'name': '5', 'n_root': 11552, 'win_flag': False, 'n': 1088, 'n_wins': 487, 'q': 0.4476102941176471, 'ucb': 0.6330609957198579},
  6: {'name': '6', 'n_root': 11552, 'win_flag': False, 'n': 1504, 'n_wins': 731, 'q': 0.48603723404255317, 'ucb': 0.6437689435491178},
  best: {'index': 4, 'name': '4', 'n_root': 11552, 'win_flag': False, 'n': 3424, 'n_wins': 1847, 'q': 0.539427570093458, 'ucb': 0.6439660186229311}
}]
[performance info:
{
  steps: 361,
  steps_per_second: 359.06994630350766,
  playouts: 11552,
  playouts_per_second: 11490.238281712245,
  times_[ms]: {'total': 1005.3751468658447, 'loop': 1003.3047199249268, 'reduce_over_trees': 0.0, 'reduce_over_actions': 0.9975433349609375, 'mean_loop': 2.7792374513155864, 'mean_select': 0.29177216611740664, 'mean_expand': 1.3465623776338107, 'mean_playout': 0.7411786393775834, 'mean_backup': 0.3631795212172405},
  trees: {'count': 1, 'mean_depth': 4.081876724931003, 'max_depth': 5, 'mean_size': 2174.0, 'max_size': 2174}
}]
MCTSNC RUN DONE. [time: 1.0053751468658447 s; best action: 4 (4), best win_flag: False best n: 3424, best n_wins: 1847, best q: 0.539427570093458]
MOVE PLAYED: 4
|.|.|.|.|.|.|.|
|.|.|●|●|.|.|.|
|○|.|○|○|.|●|.|
|●|.|○|○|.|○|.|
|●|.|●|●|.|○|.|
|●|.|○|●|○|●|○|
 0 1 2 3 4 5 6 

MOVES ROUND: 11 [game: 1/2]
MCTS RUN...
[actions info:
{
  0: {'name': '0', 'n_root': 7725, 'win_flag': False, 'n': 1067, 'n_wins': 508, 'q': 0.4761012183692596, 'ucb': 0.659295995941061},
  1: {'name': '1', 'n_root': 7725, 'win_flag': False, 'n': 712, 'n_wins': 310, 'q': 0.4353932584269663, 'ucb': 0.6596550574572583},
  2: {'name': '2', 'n_root': 7725, 'win_flag': False, 'n': 752, 'n_wins': 332, 'q': 0.44148936170212766, 'ucb': 0.6597052549666265},
  3: {'name': '3', 'n_root': 7725, 'win_flag': False, 'n': 2323, 'n_wins': 1244, 'q': 0.5355144210073182, 'ucb': 0.6596712733379727},
  4: {'name': '4', 'n_root': 7725, 'win_flag': False, 'n': 254, 'n_wins': 72, 'q': 0.28346456692913385, 'ucb': 0.6589373314250475},
  5: {'name': '5', 'n_root': 7725, 'win_flag': False, 'n': 1264, 'n_wins': 622, 'q': 0.4920886075949367, 'ucb': 0.6604031968465982},
  6: {'name': '6', 'n_root': 7725, 'win_flag': False, 'n': 1353, 'n_wins': 672, 'q': 0.49667405764966743, 'ucb': 0.6593586413299632},
  best: {'index': 3, 'name': '3', 'n_root': 7725, 'win_flag': False, 'n': 2323, 'n_wins': 1244, 'q': 0.5355144210073182, 'ucb': 0.6596712733379727}
}]
[performance info:
{
  steps: 7725,
  steps_per_second: 1931.1232705878665,
  playouts: 7725,
  playouts_per_second: 1931.1232705878665,
  times_[ms]: {'total': 4000.262498855591, 'loop': 4000.262498855591, 'reduce_over_actions': 0.0, 'mean_loop': 0.5178333331851898, 'mean_select': 0.15957057668938993, 'mean_expand': 0.11620222171919245, 'mean_playout': 0.23476202511092992, 'mean_backup': 0.0046481283737232},
  tree: {'initial_n_root': 0, 'initial_mean_depth': 0.0, 'initial_max_depth': 0, 'initial_size': 1, 'n_root': 7725, 'mean_depth': 5.808932932820527, 'max_depth': 8, 'size': 35621}
}]
MCTS RUN DONE. [time: 4.000262498855591 s; best action: 3 (3), best win_flag: False best n: 2323, best n_wins: 1244, best q: 0.5355144210073182]
MOVE PLAYED: 3
|.|.|.|●|.|.|.|
|.|.|●|●|.|.|.|
|○|.|○|○|.|●|.|
|●|.|○|○|.|○|.|
|●|.|●|●|.|○|.|
|●|.|○|●|○|●|○|
 0 1 2 3 4 5 6 
MCTSNC RUN... [MCTSNC(search_time_limit=1.0, search_steps_limit=inf, n_trees=1, n_playouts=32, variant='ocp_thrifty', device_memory=2.0, ucb_c=2.0, seed: 0)]
[actions info:
{
  0: {'name': '0', 'n_root': 10112, 'win_flag': False, 'n': 1152, 'n_wins': 511, 'q': 0.4435763888888889, 'ucb': 0.6225149851655267},
  1: {'name': '1', 'n_root': 10112, 'win_flag': False, 'n': 320, 'n_wins': 87, 'q': 0.271875, 'ucb': 0.6113871153285004},
  2: {'name': '2', 'n_root': 10112, 'win_flag': False, 'n': 1824, 'n_wins': 878, 'q': 0.48135964912280704, 'ucb': 0.6235656255405303},
  4: {'name': '4', 'n_root': 10112, 'win_flag': False, 'n': 1344, 'n_wins': 617, 'q': 0.45907738095238093, 'ucb': 0.6247423300103782},
  5: {'name': '5', 'n_root': 10112, 'win_flag': False, 'n': 2208, 'n_wins': 1097, 'q': 0.49682971014492755, 'ucb': 0.6260797635213261},
  6: {'name': '6', 'n_root': 10112, 'win_flag': False, 'n': 3264, 'n_wins': 1697, 'q': 0.5199142156862745, 'ucb': 0.6262195825544794},
  best: {'index': 6, 'name': '6', 'n_root': 10112, 'win_flag': False, 'n': 3264, 'n_wins': 1697, 'q': 0.5199142156862745, 'ucb': 0.6262195825544794}
}]
[performance info:
{
  steps: 316,
  steps_per_second: 314.3311827712179,
  playouts: 10112,
  playouts_per_second: 10058.597848678974,
  times_[ms]: {'total': 1005.3091049194336, 'loop': 1001.3189315795898, 'reduce_over_trees': 1.003265380859375, 'reduce_over_actions': 0.9915828704833984, 'mean_loop': 3.1687307961379427, 'mean_select': 0.42286628409277033, 'mean_expand': 1.3670476177070714, 'mean_playout': 0.9964327268962618, 'mean_backup': 0.36122074610070337},
  trees: {'count': 1, 'mean_depth': 4.261845386533666, 'max_depth': 6, 'mean_size': 1604.0, 'max_size': 1604}
}]
MCTSNC RUN DONE. [time: 1.0053091049194336 s; best action: 6 (6), best win_flag: False best n: 3264, best n_wins: 1697, best q: 0.5199142156862745]
MOVE PLAYED: 6
|.|.|.|●|.|.|.|
|.|.|●|●|.|.|.|
|○|.|○|○|.|●|.|
|●|.|○|○|.|○|.|
|●|.|●|●|.|○|○|
|●|.|○|●|○|●|○|
 0 1 2 3 4 5 6 

MOVES ROUND: 12 [game: 1/2]
MCTS RUN...
[actions info:
{
  0: {'name': '0', 'n_root': 9110, 'win_flag': False, 'n': 950, 'n_wins': 447, 'q': 0.4705263157894737, 'ucb': 0.666454637701813},
  1: {'name': '1', 'n_root': 9110, 'win_flag': False, 'n': 1078, 'n_wins': 520, 'q': 0.48237476808905383, 'ucb': 0.6663035272896036},
  2: {'name': '2', 'n_root': 9110, 'win_flag': False, 'n': 908, 'n_wins': 423, 'q': 0.4658590308370044, 'ucb': 0.6662675122653904},
  4: {'name': '4', 'n_root': 9110, 'win_flag': False, 'n': 214, 'n_wins': 54, 'q': 0.2523364485981308, 'ucb': 0.6651482789693877},
  5: {'name': '5', 'n_root': 9110, 'win_flag': False, 'n': 1011, 'n_wins': 482, 'q': 0.47675568743818003, 'ucb': 0.6666812597235592},
  6: {'name': '6', 'n_root': 9110, 'win_flag': False, 'n': 4949, 'n_wins': 2875, 'q': 0.5809254394827238, 'ucb': 0.6667675317993655},
  best: {'index': 6, 'name': '6', 'n_root': 9110, 'win_flag': False, 'n': 4949, 'n_wins': 2875, 'q': 0.5809254394827238, 'ucb': 0.6667675317993655}
}]
[performance info:
{
  steps: 9110,
  steps_per_second: 2277.285128691273,
  playouts: 9110,
  playouts_per_second: 2277.285128691273,
  times_[ms]: {'total': 4000.377416610718, 'loop': 4000.377416610718, 'reduce_over_actions': 0.0, 'mean_loop': 0.4391193651603422, 'mean_select': 0.15025298498595455, 'mean_expand': 0.09513626245190886, 'mean_playout': 0.1877122338857138, 'mean_backup': 0.0038322580632734245},
  tree: {'initial_n_root': 0, 'initial_mean_depth': 0.0, 'initial_max_depth': 0, 'initial_size': 1, 'n_root': 9110, 'mean_depth': 6.407503042174932, 'max_depth': 9, 'size': 33693}
}]
MCTS RUN DONE. [time: 4.000377416610718 s; best action: 6 (6), best win_flag: False best n: 4949, best n_wins: 2875, best q: 0.5809254394827238]
MOVE PLAYED: 6
|.|.|.|●|.|.|.|
|.|.|●|●|.|.|.|
|○|.|○|○|.|●|.|
|●|.|○|○|.|○|●|
|●|.|●|●|.|○|○|
|●|.|○|●|○|●|○|
 0 1 2 3 4 5 6 
MCTSNC RUN... [MCTSNC(search_time_limit=1.0, search_steps_limit=inf, n_trees=1, n_playouts=32, variant='ocp_thrifty', device_memory=2.0, ucb_c=2.0, seed: 0)]
[actions info:
{
  0: {'name': '0', 'n_root': 18464, 'win_flag': False, 'n': 3680, 'n_wins': 1651, 'q': 0.44864130434782606, 'ucb': 0.5519747566173757},
  1: {'name': '1', 'n_root': 18464, 'win_flag': False, 'n': 384, 'n_wins': 90, 'q': 0.234375, 'ucb': 0.5542639483299214},
  2: {'name': '2', 'n_root': 18464, 'win_flag': False, 'n': 4608, 'n_wins': 2163, 'q': 0.4694010416666667, 'ucb': 0.5617450268811999},
  4: {'name': '4', 'n_root': 18464, 'win_flag': False, 'n': 1056, 'n_wins': 380, 'q': 0.35984848484848486, 'ucb': 0.5527487787015276},
  5: {'name': '5', 'n_root': 18464, 'win_flag': False, 'n': 4320, 'n_wins': 1983, 'q': 0.45902777777777776, 'ucb': 0.5544002356066607},
  6: {'name': '6', 'n_root': 18464, 'win_flag': False, 'n': 4416, 'n_wins': 2032, 'q': 0.4601449275362319, 'ucb': 0.5544750321244247},
  best: {'index': 2, 'name': '2', 'n_root': 18464, 'win_flag': False, 'n': 4608, 'n_wins': 2163, 'q': 0.4694010416666667, 'ucb': 0.5617450268811999}
}]
[performance info:
{
  steps: 577,
  steps_per_second: 573.7345734269978,
  playouts: 18464,
  playouts_per_second: 18359.50634966393,
  times_[ms]: {'total': 1005.6915283203125, 'loop': 1001.7027854919434, 'reduce_over_trees': 0.9970664978027344, 'reduce_over_actions': 0.9970664978027344, 'mean_loop': 1.7360533544054477, 'mean_select': 0.20618537889609512, 'mean_expand': 0.9410439165667397, 'mean_playout': 0.3613562063286581, 'mean_backup': 0.2100558586715619},
  trees: {'count': 1, 'mean_depth': 4.674410163339383, 'max_depth': 7, 'mean_size': 2755.0, 'max_size': 2755}
}]
MCTSNC RUN DONE. [time: 1.0056915283203125 s; best action: 2 (2), best win_flag: False best n: 4608, best n_wins: 2163, best q: 0.4694010416666667]
MOVE PLAYED: 2
|.|.|○|●|.|.|.|
|.|.|●|●|.|.|.|
|○|.|○|○|.|●|.|
|●|.|○|○|.|○|●|
|●|.|●|●|.|○|○|
|●|.|○|●|○|●|○|
 0 1 2 3 4 5 6 

MOVES ROUND: 13 [game: 1/2]
MCTS RUN...
